FinalNew1/app/build/outputs/logs/manifest-merger-debug-report.txt
-- Merging decision tree log ---
manifest
ADDED from AndroidManifest.xml:2:1
	package
		ADDED from AndroidManifest.xml:2:70
		INJECTED from AndroidManifest.xml:0:0
		INJECTED from AndroidManifest.xml:0:0
	android:versionName
		ADDED from AndroidManifest.xml:2:109
	android:versionCode
		ADDED from AndroidManifest.xml:2:135
		INJECTED from AndroidManifest.xml:0:0
		INJECTED from AndroidManifest.xml:0:0
	xmlns:android
		ADDED from AndroidManifest.xml:2:11
	android:installLocation
		ADDED from AndroidManifest.xml:2:159
supports-screens
ADDED from AndroidManifest.xml:3:3
	android:largeScreens
		ADDED from AndroidManifest.xml:3:78
	android:smallScreens
		ADDED from AndroidManifest.xml:3:21
	android:normalScreens
		ADDED from AndroidManifest.xml:3:49
	android:xlargeScreens
		ADDED from AndroidManifest.xml:3:106
	android:anyDensity
		ADDED from AndroidManifest.xml:3:135
application
ADDED from AndroidManifest.xml:4:3
	android:label
		ADDED from AndroidManifest.xml:4:109
	android:debuggable
		ADDED from AndroidManifest.xml:4:142
	android:icon
		ADDED from AndroidManifest.xml:4:75
	android:banner
		ADDED from AndroidManifest.xml:4:191
	android:theme
		ADDED from AndroidManifest.xml:4:16
	android:isGame
		ADDED from AndroidManifest.xml:4:169
activity#com.example.amanda.dentalapp.UnityPlayerActivity
ADDED from AndroidManifest.xml:5:5
	android:screenOrientation
		ADDED from AndroidManifest.xml:5:48
	android:label
		ADDED from AndroidManifest.xml:5:15
	android:launchMode
		ADDED from AndroidManifest.xml:5:87
	android:configChanges
		ADDED from AndroidManifest.xml:5:119
	android:name
		ADDED from AndroidManifest.xml:5:277
intent-filter#android.intent.action.MAIN+android.intent.category.LAUNCHER+android.intent.category.LEANBACK_LAUNCHER
ADDED from AndroidManifest.xml:6:7
action#android.intent.action.MAIN
ADDED from AndroidManifest.xml:7:9
	android:name
		ADDED from AndroidManifest.xml:7:17
category#android.intent.category.LAUNCHER
ADDED from AndroidManifest.xml:8:9
	android:name
		ADDED from AndroidManifest.xml:8:19
category#android.intent.category.LEANBACK_LAUNCHER
ADDED from AndroidManifest.xml:9:9
	android:name
		ADDED from AndroidManifest.xml:9:19
meta-data#unityplayer.UnityActivity
ADDED from AndroidManifest.xml:11:7
	android:value
		ADDED from AndroidManifest.xml:11:59
	android:name
		ADDED from AndroidManifest.xml:11:18
uses-sdk
ADDED from AndroidManifest.xml:14:3
	android:targetSdkVersion
		ADDED from AndroidManifest.xml:14:39
		INJECTED from AndroidManifest.xml:0:0
		INJECTED from AndroidManifest.xml:0:0
	android:minSdkVersion
		ADDED from AndroidManifest.xml:14:13
		INJECTED from AndroidManifest.xml:0:0
		INJECTED from AndroidManifest.xml:0:0
uses-feature#0x00020000
ADDED from AndroidManifest.xml:15:3
	android:glEsVersion
		ADDED from AndroidManifest.xml:15:17
uses-permission#android.permission.INTERNET
ADDED from AndroidManifest.xml:16:3
	android:name
		ADDED from AndroidManifest.xml:16:20
uses-permission#android.permission.READ_PHONE_STATE
ADDED from AndroidManifest.xml:17:3
	android:name
		ADDED from AndroidManifest.xml:17:20
uses-permission#android.permission.ACCESS_NETWORK_STATE
ADDED from AndroidManifest.xml:18:3
	android:name
		ADDED from AndroidManifest.xml:18:20
uses-feature#android.hardware.touchscreen
ADDED from AndroidManifest.xml:19:3
	android:required
		ADDED from AndroidManifest.xml:19:61
	android:name
		ADDED from AndroidManifest.xml:19:17
uses-feature#android.hardware.touchscreen.multitouch
ADDED from AndroidManifest.xml:20:3
	android:required
		ADDED from AndroidManifest.xml:20:72
	android:name
		ADDED from AndroidManifest.xml:20:17
uses-feature#android.hardware.touchscreen.multitouch.distinct
ADDED from AndroidManifest.xml:21:3
	android:required
		ADDED from AndroidManifest.xml:21:81
	android:name
		ADDED from AndroidManifest.xml:21:17